#
# There is insufficient memory for the Java Runtime Environment to continue.
# Native memory allocation (mmap) failed to map 130023424 bytes for G1 virtual space
# Possible reasons:
#   The system is out of physical RAM or swap space
#   The process is running with CompressedOops enabled, and the Java Heap may be blocking the growth of the native heap
# Possible solutions:
#   Reduce memory load on the system
#   Increase physical memory or swap space
#   Check if swap backing store is full
#   Decrease Java heap size (-Xmx/-Xms)
#   Decrease number of Java threads
#   Decrease Java thread stack sizes (-Xss)
#   Set larger code cache with -XX:ReservedCodeCacheSize=
#   JVM is running with Unscaled Compressed Oops mode in which the Java heap is
#     placed in the first 4GB address space. The Java Heap base address is the
#     maximum limit for the native heap growth. Please use -XX:HeapBaseMinAddress
#     to set the Java Heap base and to place the Java Heap above 4GB virtual address.
# This output file may be truncated or incomplete.
#
#  Out of Memory Error (os_windows.cpp:3527), pid=30656, tid=31656
#
# JRE version:  (19.0.1+10) (build )
# Java VM: Java HotSpot(TM) 64-Bit Server VM (19.0.1+10-21, mixed mode, sharing, tiered, compressed oops, compressed class ptrs, g1 gc, windows-amd64)
# No core dump will be written. Minidumps are not enabled by default on client versions of Windows
#

---------------  S U M M A R Y ------------

Command Line: -XX:+ShowCodeDetailsInExceptionMessages -agentlib:jdwp=transport=dt_socket,suspend=y,address=localhost:49253 -javaagent:C:\Users\DELL\eclipse\jee-2022-09\eclipse\configuration\org.eclipse.osgi\421\0\.cp\lib\javaagent-shaded.jar -Dfile.encoding=UTF-8 coreJava.myswing

Host: Intel(R) Core(TM) i5-7200U CPU @ 2.50GHz, 4 cores, 7G,  Windows 10 , 64 bit Build 19041 (10.0.19041.2251)
Time: Sun Dec 11 09:01:58 2022 India Standard Time elapsed time: 0.025113 seconds (0d 0h 0m 0s)

---------------  T H R E A D  ---------------

Current thread (0x000001eeeca6e370):  JavaThread "Unknown thread" [_thread_in_vm, id=31656, stack(0x000000cf87500000,0x000000cf87600000)]

Stack: [0x000000cf87500000,0x000000cf87600000]
Native frames: (J=compiled Java code, j=interpreted, Vv=VM code, C=native code)
V  [jvm.dll+0x6ee8fa]
V  [jvm.dll+0x857a1e]
V  [jvm.dll+0x85940e]
V  [jvm.dll+0x859ac3]
V  [jvm.dll+0x28291f]
V  [jvm.dll+0x6eb6e9]
V  [jvm.dll+0x6e028a]
V  [jvm.dll+0x357136]
V  [jvm.dll+0x35eb96]
V  [jvm.dll+0x3b555e]
V  [jvm.dll+0x3b578f]
V  [jvm.dll+0x32c6ea]
V  [jvm.dll+0x32d59e]
V  [jvm.dll+0x821b20]
V  [jvm.dll+0x3c27c1]
V  [jvm.dll+0x8022f1]
V  [jvm.dll+0x44b30f]
V  [jvm.dll+0x44cc91]
C  [jli.dll+0x5287]
C  [ucrtbase.dll+0x21bb2]
C  [KERNEL32.DLL+0x174b4]
C  [ntdll.dll+0x526a1]


---------------  P R O C E S S  ---------------

Threads class SMR info:
_java_thread_list=0x00007ffe32d4d048, length=0, elements={
}

Java Threads: ( => current thread )

Other Threads:
  0x000001eeecac82f0 WorkerThread "GC Thread#0" [stack: 0x000000cf87600000,0x000000cf87700000] [id=29676]
  0x000001eeecad8760 ConcurrentGCThread "G1 Main Marker" [stack: 0x000000cf87700000,0x000000cf87800000] [id=18096]
  0x000001eeecad9f40 WorkerThread "G1 Conc#0" [stack: 0x000000cf87800000,0x000000cf87900000] [id=28860]

[error occurred during error reporting (printing all threads), id 0xc0000005, EXCEPTION_ACCESS_VIOLATION (0xc0000005) at pc=0x00007ffe3250d127]

VM state: not at safepoint (not fully initialized)

VM Mutex/Monitor currently owned by a thread:  ([mutex/lock_event])
[0x000001eeeca6c7a0] Heap_lock - owner thread: 0x000001eeeca6e370

Heap address: 0x0000000084800000, size: 1976 MB, Compressed Oops mode: 32-bit

CDS archive(s) mapped at: [0x0000000000000000-0x0000000000000000-0x0000000000000000), size 0, SharedBaseAddress: 0x0000000800000000, ArchiveRelocationMode: 0.
Narrow klass base: 0x0000000000000000, Narrow klass shift: 0, Narrow klass range: 0x0

GC Precious Log:
 CardTable entry size: 512
 Card Set container configuration: InlinePtr #cards 5 size 8 Array Of Cards #cards 12 size 40 Howl #buckets 4 coarsen threshold 1843 Howl Bitmap #cards 512 size 80 coarsen threshold 460 Card regions per heap region 1 cards per card region 2048

Heap:
 garbage-first heap   total 0K, used 0K [0x0000000084800000, 0x0000000100000000)
  region size 1024K, 0 young (0K), 0 survivors (0K)

[error occurred during error reporting (printing heap information), id 0xc0000005, EXCEPTION_ACCESS_VIOLATION (0xc0000005) at pc=0x00007ffe32916959]

GC Heap History (0 events):
No events

Dll operation events (1 events):
Event: 0.019 Loaded shared library C:\Program Files\Java\jdk-19\bin\java.dll

Deoptimization events (0 events):
No events

Classes loaded (0 events):
No events

Classes unloaded (0 events):
No events

Classes redefined (0 events):
No events

Internal exceptions (0 events):
No events

VM Operations (0 events):
No events

Events (0 events):
No events


Dynamic libraries:
0x00007ff65d070000 - 0x00007ff65d080000 	C:\Program Files\Java\jdk-19\bin\javaw.exe
0x00007ffe7e070000 - 0x00007ffe7e268000 	C:\Windows\SYSTEM32\ntdll.dll
0x00007ffe7dd80000 - 0x00007ffe7de3f000 	C:\Windows\System32\KERNEL32.DLL
0x00007ffe7b910000 - 0x00007ffe7bbe2000 	C:\Windows\System32\KERNELBASE.dll
0x00007ffe7be60000 - 0x00007ffe7bf60000 	C:\Windows\System32\ucrtbase.dll
0x00007ffe75260000 - 0x00007ffe7527b000 	C:\Program Files\Java\jdk-19\bin\VCRUNTIME140.dll
0x00007ffe6cb30000 - 0x00007ffe6cb48000 	C:\Program Files\Java\jdk-19\bin\jli.dll
0x00007ffe7d1f0000 - 0x00007ffe7d29e000 	C:\Windows\System32\ADVAPI32.dll
0x00007ffe7dc40000 - 0x00007ffe7dcde000 	C:\Windows\System32\msvcrt.dll
0x00007ffe7dce0000 - 0x00007ffe7dd7c000 	C:\Windows\System32\sechost.dll
0x00007ffe7c0f0000 - 0x00007ffe7c215000 	C:\Windows\System32\RPCRT4.dll
0x00007ffe7ca20000 - 0x00007ffe7cbbd000 	C:\Windows\System32\USER32.dll
0x00007ffe7bd70000 - 0x00007ffe7bd92000 	C:\Windows\System32\win32u.dll
0x00007ffe7c0c0000 - 0x00007ffe7c0eb000 	C:\Windows\System32\GDI32.dll
0x00007ffe7bbf0000 - 0x00007ffe7bcff000 	C:\Windows\System32\gdi32full.dll
0x00007ffe7b7c0000 - 0x00007ffe7b85d000 	C:\Windows\System32\msvcp_win.dll
0x00007ffe69ed0000 - 0x00007ffe6a16a000 	C:\Windows\WinSxS\amd64_microsoft.windows.common-controls_6595b64144ccf1df_6.0.19041.1110_none_60b5254171f9507e\COMCTL32.dll
0x00007ffe7b130000 - 0x00007ffe7b13a000 	C:\Windows\SYSTEM32\VERSION.dll
0x00007ffe7c370000 - 0x00007ffe7c3a2000 	C:\Windows\System32\IMM32.DLL
0x00000000729f0000 - 0x00000000729fc000 	C:\Program Files (x86)\360\Total Security\safemon\SafeWrapper.dll
0x00007ffe6b6e0000 - 0x00007ffe6b772000 	C:\Program Files (x86)\360\Total Security\safemon\libzdtp64.dll
0x00007ffe7d460000 - 0x00007ffe7dba3000 	C:\Windows\System32\SHELL32.dll
0x00007ffe7dfd0000 - 0x00007ffe7e025000 	C:\Windows\System32\SHLWAPI.dll
0x00007ffe76d30000 - 0x00007ffe76d3c000 	C:\Program Files\Java\jdk-19\bin\vcruntime140_1.dll
0x00007ffe50930000 - 0x00007ffe509be000 	C:\Program Files\Java\jdk-19\bin\msvcp140.dll
0x00007ffe321d0000 - 0x00007ffe32e90000 	C:\Program Files\Java\jdk-19\bin\server\jvm.dll
0x00007ffe65550000 - 0x00007ffe65559000 	C:\Windows\SYSTEM32\WSOCK32.dll
0x00007ffe7cbc0000 - 0x00007ffe7cc2b000 	C:\Windows\System32\WS2_32.dll
0x00007ffe68190000 - 0x00007ffe681b7000 	C:\Windows\SYSTEM32\WINMM.dll
0x00007ffe79f50000 - 0x00007ffe79f62000 	C:\Windows\SYSTEM32\kernel.appcore.dll
0x00007ffe754c0000 - 0x00007ffe754ca000 	C:\Program Files\Java\jdk-19\bin\jimage.dll
0x00007ffe79c60000 - 0x00007ffe79e44000 	C:\Windows\SYSTEM32\DBGHELP.DLL
0x00007ffe5ef30000 - 0x00007ffe5ef5c000 	C:\Windows\SYSTEM32\dbgcore.DLL
0x00007ffe7bdd0000 - 0x00007ffe7be52000 	C:\Windows\System32\bcryptPrimitives.dll
0x00007ffe6e010000 - 0x00007ffe6e04c000 	C:\Program Files\Java\jdk-19\bin\jdwp.dll
0x00007ffe75290000 - 0x00007ffe7529e000 	C:\Program Files\Java\jdk-19\bin\instrument.dll
0x00007ffe6b780000 - 0x00007ffe6b7a6000 	C:\Program Files\Java\jdk-19\bin\java.dll

dbghelp: loaded successfully - version: 4.0.5 - missing functions: none
symbol engine: initialized successfully - sym options: 0x614 - pdb path: .;C:\Program Files\Java\jdk-19\bin;C:\Windows\SYSTEM32;C:\Windows\WinSxS\amd64_microsoft.windows.common-controls_6595b64144ccf1df_6.0.19041.1110_none_60b5254171f9507e;C:\Program Files (x86)\360\Total Security\safemon;C:\Program Files\Java\jdk-19\bin\server

VM Arguments:
jvm_args: -XX:+ShowCodeDetailsInExceptionMessages -agentlib:jdwp=transport=dt_socket,suspend=y,address=localhost:49253 -javaagent:C:\Users\DELL\eclipse\jee-2022-09\eclipse\configuration\org.eclipse.osgi\421\0\.cp\lib\javaagent-shaded.jar -Dfile.encoding=UTF-8 
java_command: coreJava.myswing
java_class_path (initial): C:\Users\DELL\eclipse-workspace\coreJava\bin;C:\Users\DELL\Downloads\mysql-connector-j-8.0.31.jar
Launcher Type: SUN_STANDARD

[Global flags]
     intx CICompilerCount                          = 3                                         {product} {ergonomic}
     uint ConcGCThreads                            = 1                                         {product} {ergonomic}
     uint G1ConcRefinementThreads                  = 4                                         {product} {ergonomic}
   size_t G1HeapRegionSize                         = 1048576                                   {product} {ergonomic}
    uintx GCDrainStackTargetSize                   = 64                                        {product} {ergonomic}
   size_t InitialHeapSize                          = 130023424                                 {product} {ergonomic}
   size_t MarkStackSize                            = 4194304                                   {product} {ergonomic}
   size_t MaxHeapSize                              = 2071986176                                {product} {ergonomic}
   size_t MinHeapDeltaBytes                        = 1048576                                   {product} {ergonomic}
   size_t MinHeapSize                              = 8388608                                   {product} {ergonomic}
    uintx NonNMethodCodeHeapSize                   = 5832780                                {pd product} {ergonomic}
    uintx NonProfiledCodeHeapSize                  = 122912730                              {pd product} {ergonomic}
    uintx ProfiledCodeHeapSize                     = 122912730                              {pd product} {ergonomic}
    uintx ReservedCodeCacheSize                    = 251658240                              {pd product} {ergonomic}
     bool SegmentedCodeCache                       = true                                      {product} {ergonomic}
     bool ShowCodeDetailsInExceptionMessages       = true                                   {manageable} {command line}
   size_t SoftMaxHeapSize                          = 2071986176                             {manageable} {ergonomic}
     bool UseCompressedClassPointers               = true                           {product lp64_product} {ergonomic}
     bool UseCompressedOops                        = true                           {product lp64_product} {ergonomic}
     bool UseG1GC                                  = true                                      {product} {ergonomic}
     bool UseLargePagesIndividualAllocation        = false                                  {pd product} {ergonomic}

Logging:
Log output configuration:
 #0: stdout all=warning uptime,level,tags foldmultilines=false
 #1: stderr all=off uptime,level,tags foldmultilines=false

Environment Variables:
PATH=C:\Program Files\Common Files\Oracle\Java\javapath;C:\Windows\system32;C:\Windows;C:\Windows\System32\Wbem;C:\Windows\System32\WindowsPowerShell\v1.0\;C:\Windows\System32\OpenSSH\;C:\Program Files\dotnet\;C:\Program Files (x86)\Intel\Intel(R) Management Engine Components\DAL;C:\Program Files\Intel\Intel(R) Management Engine Components\DAL;C:\Program Files\Git\cmd;C:\Program Files\Java\jdk-19\bin;C:\Users\DELL\AppData\Local\Microsoft\WindowsApps;C:\Users\DELL\AppData\Local\Programs\Microsoft VS Code\bin;C:\MinGW\bin
USERNAME=DELL
OS=Windows_NT
PROCESSOR_IDENTIFIER=Intel64 Family 6 Model 142 Stepping 9, GenuineIntel
TMP=C:\Users\DELL\AppData\Local\Temp
TEMP=C:\Users\DELL\AppData\Local\Temp



---------------  S Y S T E M  ---------------

OS:
 Windows 10 , 64 bit Build 19041 (10.0.19041.2251)
OS uptime: 6 days 14:30 hours

CPU: total 4 (initial active 4) (2 cores per cpu, 2 threads per core) family 6 model 142 stepping 9 microcode 0xf0, cx8, cmov, fxsr, ht, mmx, 3dnowpref, sse, sse2, sse3, ssse3, sse4.1, sse4.2, popcnt, lzcnt, tsc, tscinvbit, avx, avx2, aes, erms, clmul, bmi1, bmi2, adx, fma, vzeroupper, clflush, clflushopt, rdtscp

Memory: 4k page, system-wide physical 7897M (119M free)
TotalPageFile size 20694M (AvailPageFile size 35M)
current process WorkingSet (physical memory assigned to process): 11M, peak: 11M
current process commit charge ("private bytes"): 52M, peak: 176M

vm_info: Java HotSpot(TM) 64-Bit Server VM (19.0.1+10-21) for windows-amd64 JRE (19.0.1+10-21), built on 2022-09-14T12:45:06Z by "mach5one" with MS VC++ 17.1 (VS2022)

END.
